2025-04-05 22:12:13,174 - Starting APN image copy process...

2025-04-05 22:12:13,174 - 
Directory structure has been created:
2025-04-05 22:12:13,174 - 1. Regular APN images directory: C:\Users\HP\Downloads\CounterpartSearch\attached_assets\APN
2025-04-05 22:12:13,174 - 2. PIN APN images directory: C:\Users\HP\Downloads\CounterpartSearch\attached_assets\APN\pin
2025-04-05 22:12:13,174 - Copied 732 11B 1051 G 150 SP.png to APN images directory
2025-04-05 22:12:13,174 - Copied F07506B120G280L.png to APN images directory
2025-04-05 22:12:13,174 - Copied F730 11B 0006 G 110 SP.png to APN images directory
2025-04-05 22:12:13,186 - Copied F730 12B 0001 G11 0SP (10).png to APN images directory
2025-04-05 22:12:13,188 - Copied F731 06B 130 G 150.png to APN images directory
2025-04-05 22:12:13,191 - Copied F731 11 B 075 G 300.png to APN images directory
2025-04-05 22:12:13,191 - Copied F731 11B 0007 G 300 SP.png to APN images directory
2025-04-05 22:12:13,191 - Copied F731 16B 0006 G 150 SP.png to APN images directory
2025-04-05 22:12:13,191 - Copied F731 17B 150 G 150.png to APN images directory
2025-04-05 22:12:13,191 - Copied F73111B075G300.png to APN images directory
2025-04-05 22:12:13,191 - Copied F732 11B 0052 G 150 SP.png to APN images directory
2025-04-05 22:12:13,198 - Copied F732 11B 0081 G 300 SP.png to APN images directory
2025-04-05 22:12:13,198 - Copied F732 11B 080 G 150.png to APN images directory
2025-04-05 22:12:13,200 - Copied F732 11B 1003 G 300 SP.png to APN images directory
2025-04-05 22:12:13,201 - Copied F732 11B 1006 G 300 SP.png to APN images directory
2025-04-05 22:12:13,202 - Copied F732 11B 1022 G 150SP.png to APN images directory
2025-04-05 22:12:13,203 - Copied F732 11B 1036 G 150 SP.png to APN images directory
2025-04-05 22:12:13,205 - Copied F732 11B 1037 G 150 SP.png to APN images directory
2025-04-05 22:12:13,207 - Copied F732 16B 00 76 G 300 SP.png to APN images directory
2025-04-05 22:12:13,208 - Copied F732 16B 100 G 150.png to APN images directory
2025-04-05 22:12:13,208 - Copied F732 16B 1009 G 150 SP.png to APN images directory
2025-04-05 22:12:13,208 - Copied F732 16B 1010 G 150 SP.png to APN images directory
2025-04-05 22:12:13,214 - Copied F732 16B 1015 G 150 SP.png to APN images directory
2025-04-05 22:12:13,215 - Copied F732 16B 1027 G 150 SP.png to APN images directory
2025-04-05 22:12:13,217 - Copied F732 16B 1043 G 300 SP.png to APN images directory
2025-04-05 22:12:13,218 - Copied F732 16B 1066 G 300 SP1.png to APN images directory
2025-04-05 22:12:13,218 - Copied F73211B1050G150SP.png to APN images directory
2025-04-05 22:12:13,218 - Copied F733 06B 250 G 300.png to APN images directory
2025-04-05 22:12:13,218 - Copied F733 16B 0061 G 300 SP.png to APN images directory
2025-04-05 22:12:13,218 - Copied F733 16B 1058 G 150 SP1.png to APN images directory
2025-04-05 22:12:13,225 - Copied PTCC0650189.jpg to APN images directory
2025-04-05 22:12:13,225 - Copied T-899 305 070 400 150 A 1502M.png to APN images directory
2025-04-05 22:12:13,225 - Copied T-899 305 070 400 150 A 1502M_1.png to APN images directory
2025-04-05 22:12:13,225 - Copied T-899_305_070_400_150Axx02M_EN_Seite.png to APN images directory
2025-04-05 22:12:13,231 - Copied T-899_305_070_400_150Axx02M_EN_Seite_1.png to APN images directory
2025-04-05 22:12:13,233 - Copied T-899_305_070_400_150Axx02M_EN_Seite_2.png to APN images directory
2025-04-05 22:12:13,235 - Copied 10881384.jpg to APN PIN images directory
2025-04-05 22:12:13,235 - Copied 10913017.jpg to APN PIN images directory
2025-04-05 22:12:13,235 - Copied 10913031.jpg to APN PIN images directory
2025-04-05 22:12:13,235 - Copied 10913084.jpg to APN PIN images directory
2025-04-05 22:12:13,242 - Copied 10913240.jpg to APN PIN images directory
2025-04-05 22:12:13,242 - Copied 10913283.jpg to APN PIN images directory
2025-04-05 22:12:13,242 - Copied 10913579.jpg to APN PIN images directory
2025-04-05 22:12:13,242 - Copied 10913581.jpg to APN PIN images directory
2025-04-05 22:12:13,247 - Copied 10914633.jpg to APN PIN images directory
2025-04-05 22:12:13,247 - Copied 10914634.jpg to APN PIN images directory
2025-04-05 22:12:13,250 - Copied 10914635.jpg to APN PIN images directory
2025-04-05 22:12:13,251 - Copied 10916299.jpg to APN PIN images directory
2025-04-05 22:12:13,252 - Copied 135617271.jpg to APN PIN images directory
2025-04-05 22:12:13,253 - Copied 13708394.jpg to APN PIN images directory
2025-04-05 22:12:13,254 - Copied 13743068.jpg to APN PIN images directory
2025-04-05 22:12:13,255 - Copied 1552768.jpg to APN PIN images directory
2025-04-05 22:12:13,257 - Copied 15527769.jpg to APN PIN images directory
2025-04-05 22:12:13,259 - Copied 15527770.jpg to APN PIN images directory
2025-04-05 22:12:13,261 - Copied 15539491.jpg to APN PIN images directory
2025-04-05 22:12:13,263 - Copied 33146195.jpg to APN PIN images directory
2025-04-05 22:12:13,264 - Copied 33256026.jpg to APN PIN images directory
2025-04-05 22:12:13,266 - Copied 33256028.jpg to APN PIN images directory
2025-04-05 22:12:13,268 - Copied 33256029.jpg to APN PIN images directory
2025-04-05 22:12:13,269 - Copied 33256030.jpg to APN PIN images directory
2025-04-05 22:12:13,270 - Copied 33256030.png to APN PIN images directory
2025-04-05 22:12:13,271 - Copied 33256031.jpg to APN PIN images directory
2025-04-05 22:12:13,273 - Copied 33302831.jpg to APN PIN images directory
2025-04-05 22:12:13,276 - Copied 33308337.jpg to APN PIN images directory
2025-04-05 22:12:13,277 - Copied 33312469.jpg to APN PIN images directory
2025-04-05 22:12:13,279 - Copied 33312478.jpg to APN PIN images directory
2025-04-05 22:12:13,280 - Copied 33312480.jpg to APN PIN images directory
2025-04-05 22:12:13,282 - Copied 33312481.jpg to APN PIN images directory
2025-04-05 22:12:13,284 - Copied 33312484.jpg to APN PIN images directory
2025-04-05 22:12:13,286 - Copied 33312485.jpg to APN PIN images directory
2025-04-05 22:12:13,287 - Copied 33338487.jpg to APN PIN images directory
2025-04-05 22:12:13,288 - Copied 33358658.jpg to APN PIN images directory
2025-04-05 22:12:13,291 - Copied 35039888.jpg to APN PIN images directory
2025-04-05 22:12:13,293 - Copied 35067488.jpg to APN PIN images directory
2025-04-05 22:12:13,294 - Copied 35067489.jpg to APN PIN images directory
2025-04-05 22:12:13,294 - Copied 35067490.jpg to APN PIN images directory
2025-04-05 22:12:13,294 - Copied 35089550.jpg to APN PIN images directory
2025-04-05 22:12:13,299 - Copied 35089552.jpg to APN PIN images directory
2025-04-05 22:12:13,300 - Copied 35149961.jpg to APN PIN images directory
2025-04-05 22:12:13,302 - Copied 35149962.jpg to APN PIN images directory
2025-04-05 22:12:13,303 - Copied 35169841.jpg to APN PIN images directory
2025-04-05 22:12:13,305 - Copied 35308379.jpg to APN PIN images directory
2025-04-05 22:12:13,308 - Copied 35309743.jpg to APN PIN images directory
2025-04-05 22:12:13,308 - Copied 35309744.jpg to APN PIN images directory
2025-04-05 22:12:13,308 - Copied 35309745.jpg to APN PIN images directory
2025-04-05 22:12:13,308 - Copied 35309746.jpg to APN PIN images directory
2025-04-05 22:12:13,314 - Copied 35309747.jpg to APN PIN images directory
2025-04-05 22:12:13,316 - Copied 35349326.jpg to APN PIN images directory
2025-04-05 22:12:13,317 - Copied 35349329.jpg to APN PIN images directory
2025-04-05 22:12:13,319 - Copied 35484643.jpg to APN PIN images directory
2025-04-05 22:12:13,320 - Copied 35501160.jpg to APN PIN images directory
2025-04-05 22:12:13,321 - Copied 35501525.jpg to APN PIN images directory
2025-04-05 22:12:13,325 - Copied 35538966.jpg to APN PIN images directory
2025-04-05 22:12:13,325 - Copied 35617271.jpg to APN PIN images directory
2025-04-05 22:12:13,325 - Copied 35617299.jpg to APN PIN images directory
2025-04-05 22:12:13,325 - Copied 35617320.jpg to APN PIN images directory
2025-04-05 22:12:13,332 - Copied 35663766.jpg to APN PIN images directory
2025-04-05 22:12:13,333 - Copied F176 06B 100 G 080.png to APN PIN images directory
2025-04-05 22:12:13,334 - Copied F731 06B 100 G 300.png to APN PIN images directory
2025-04-05 22:12:13,336 - Copied F731 06B 100 G 300_1.png to APN PIN images directory
2025-04-05 22:12:13,337 - Copied F731 06B 130 G 300.png to APN PIN images directory
2025-04-05 22:12:13,338 - Copied F731 11B 0001 G 300 SP.png to APN PIN images directory
2025-04-05 22:12:13,339 - Copied F731 11B 0012 G 300 SP.png to APN PIN images directory
2025-04-05 22:12:13,342 - Copied F731 11B 0014 G 300 SP.png to APN PIN images directory
2025-04-05 22:12:13,342 - Copied F731 11B 0015 G 300 SP.png to APN PIN images directory
2025-04-05 22:12:13,342 - Copied F731 11B 0016 G 300 SP.png to APN PIN images directory
2025-04-05 22:12:13,342 - Copied F731 11B 0017 G 300 SP.png to APN PIN images directory
2025-04-05 22:12:13,348 - Copied F731 11B 0017 G 300 SP_1.png to APN PIN images directory
2025-04-05 22:12:13,350 - Copied F731 11B 065 G 100.png to APN PIN images directory
2025-04-05 22:12:13,352 - Copied F731 11B 065 G 300.png to APN PIN images directory
2025-04-05 22:12:13,352 - Copied F731 11B 075 G 100 L.png to APN PIN images directory
2025-04-05 22:12:13,354 - Copied F731 11B 075 G 300.png to APN PIN images directory
2025-04-05 22:12:13,356 - Copied F732 06B 150 G 300.png to APN PIN images directory
2025-04-05 22:12:13,358 - Copied F732 06B 180 G 300.png to APN PIN images directory
2025-04-05 22:12:13,360 - Copied F732 11B 0036 G 300 SP.png to APN PIN images directory
2025-04-05 22:12:13,360 - Copied F732 11B 0080 G300 SP.png to APN PIN images directory
2025-04-05 22:12:13,360 - Copied F732 11B 0082 G 300 SP.png to APN PIN images directory
2025-04-05 22:12:13,365 - Copied F732 11B 0083 G 300 SP.png to APN PIN images directory
2025-04-05 22:12:13,366 - Copied F732 11B 0084 G 300 SP.png to APN PIN images directory
2025-04-05 22:12:13,367 - Copied F732 11B 0085 G 300 SP.png to APN PIN images directory
2025-04-05 22:12:13,368 - Copied F732 11B 0086 G 300 SP.png to APN PIN images directory
2025-04-05 22:12:13,370 - Copied F732 11B 064 G 300.png to APN PIN images directory
2025-04-05 22:12:13,371 - Copied F732 11B 080 G 100.png to APN PIN images directory
2025-04-05 22:12:13,375 - Copied F732 11B 100 G 100 L.png to APN PIN images directory
2025-04-05 22:12:13,376 - Copied F732 11B 100 G 300.png to APN PIN images directory
2025-04-05 22:12:13,380 - Copied F732 11B 100 G 300_1.png to APN PIN images directory
2025-04-05 22:12:13,386 - Copied F732 15B 170 R 300.png to APN PIN images directory
2025-04-05 22:12:13,394 - Copied F732 16B 0074G 300 SP.png to APN PIN images directory
2025-04-05 22:12:13,412 - Copied F732 16B 0077G 300 SP.png to APN PIN images directory
2025-04-05 22:12:13,413 - Copied F732 16B 0093 G 300 SP.png to APN PIN images directory
2025-04-05 22:12:13,415 - Copied F732 16B 0094 G 300SP.png to APN PIN images directory
2025-04-05 22:12:13,427 - Copied F732 16B 0099 G 300 SP.png to APN PIN images directory
2025-04-05 22:12:13,428 - Copied F73216B0076G300SP.png to APN PIN images directory
2025-04-05 22:12:13,430 - Copied F733 06B 230 G 300.png to APN PIN images directory
2025-04-05 22:12:13,432 - Copied F733 06B 300 G 300.png to APN PIN images directory
2025-04-05 22:12:13,433 - Copied F733 16B 0061 G 300 SP.png to APN PIN images directory
2025-04-05 22:12:13,435 - Copied F733 16B 0062 G 300 SP.png to APN PIN images directory
2025-04-05 22:12:13,446 - Copied F733 16B 0063 G 300 SP.png to APN PIN images directory
2025-04-05 22:12:13,457 - Copied F733 16B 1079 G 300 SP1.png to APN PIN images directory
2025-04-05 22:12:13,460 - Copied F875 16B 060 G 135 S1.png to APN PIN images directory
2025-04-05 22:12:13,462 - Copied F875 16B 070 G 135.png to APN PIN images directory
2025-04-05 22:12:13,464 - Copied F875 16B 100 G 135.png to APN PIN images directory
2025-04-05 22:12:13,466 - Copied H875KB.png to APN PIN images directory
2025-04-05 22:12:13,467 - Copied PTCC0196103.jpg to APN PIN images directory
2025-04-05 22:12:13,469 - Copied PTCC0650188.jpg to APN PIN images directory
2025-04-05 22:12:13,471 - Copied PTCC0650189.jpg to APN PIN images directory
2025-04-05 22:12:13,473 - Copied PTCC0650190.jpg to APN PIN images directory
2025-04-05 22:12:13,475 - Copied PTCC0650203.jpg to APN PIN images directory
2025-04-05 22:12:13,475 - 
Copy process completed!
2025-04-05 22:12:13,476 - APN images copied: 36
2025-04-05 22:12:13,476 - APN PIN images copied: 112
