2025-04-05 21:08:56,176 - Starting image copy process...

2025-04-05 21:08:56,178 - 
Directory structure has been created:
2025-04-05 21:08:56,180 - 1. Regular CP images directory: C:\Users\HP\Downloads\CounterpartSearch\attached_assets\CP
2025-04-05 21:08:56,180 - 2. SUB51 CP images directory: C:\Users\HP\Downloads\CounterpartSearch\attached_assets\CP_SUB51
2025-04-05 21:08:56,181 - 
Copy process completed!
2025-04-05 21:08:56,181 - CP images copied: 0
2025-04-05 21:08:56,181 - CP_SUB51 images copied: 0
2025-04-05 21:08:56,181 - 
No images were copied!
2025-04-05 21:08:56,182 - 
To set up the images:
2025-04-05 21:08:56,183 - 1. Place regular CP images in the CP folder:
2025-04-05 21:08:56,183 -    C:\Users\HP\Downloads\CounterpartSearch\attached_assets\CP
2025-04-05 21:08:56,183 - 
2. Place SUB51 CP images in the CP_SUB51 folder:
2025-04-05 21:08:56,183 -    C:\Users\HP\Downloads\CounterpartSearch\attached_assets\CP_SUB51
2025-04-05 21:08:56,184 - 
3. Image files should have .jpg, .jpeg, or .png extensions
2025-04-05 21:08:56,184 - 
4. Run this script again after adding the images
2025-04-05 21:08:56,184 - 
Note: A log file 'image_copy.log' has been created with these instructions
2025-04-05 21:16:55,796 - Starting image copy process...

2025-04-05 21:16:55,798 - 
Directory structure has been created:
2025-04-05 21:16:55,799 - 1. Regular CP images directory: C:\Users\HP\Downloads\CounterpartSearch\attached_assets\CP
2025-04-05 21:16:55,799 - 2. SUB51 CP images directory: C:\Users\HP\Downloads\CounterpartSearch\attached_assets\CP_SUB51
2025-04-05 21:16:55,800 - 
Copy process completed!
2025-04-05 21:16:55,800 - CP images copied: 0
2025-04-05 21:16:55,800 - CP_SUB51 images copied: 0
2025-04-05 21:16:55,800 - 
No images were copied!
2025-04-05 21:16:55,801 - 
To set up the images:
2025-04-05 21:16:55,801 - 1. Place regular CP images in the CP folder:
2025-04-05 21:16:55,801 -    C:\Users\HP\Downloads\CounterpartSearch\attached_assets\CP
2025-04-05 21:16:55,801 - 
2. Place SUB51 CP images in the CP_SUB51 folder:
2025-04-05 21:16:55,802 -    C:\Users\HP\Downloads\CounterpartSearch\attached_assets\CP_SUB51
2025-04-05 21:16:55,802 - 
3. Image files should have .jpg, .jpeg, or .png extensions
2025-04-05 21:16:55,802 - 
4. Run this script again after adding the images
2025-04-05 21:16:55,802 - 
Note: A log file 'image_copy.log' has been created with these instructions
2025-04-05 21:22:34,411 - Starting image copy process...

2025-04-05 21:22:34,412 - 
Directory structure has been created:
2025-04-05 21:22:34,413 - 1. Regular CP images directory: C:\Users\HP\Downloads\CounterpartSearch\attached_assets\CP
2025-04-05 21:22:34,413 - 2. SUB51 CP images directory: C:\Users\HP\Downloads\CounterpartSearch\attached_assets\CP_SUB51
2025-04-05 21:22:34,414 - 
Copy process completed!
2025-04-05 21:22:34,414 - CP images copied: 0
2025-04-05 21:22:34,415 - CP_SUB51 images copied: 0
2025-04-05 21:22:34,415 - 
No images were copied!
2025-04-05 21:22:34,416 - 
To set up the images:
2025-04-05 21:22:34,416 - 1. Place regular CP images in the CP folder:
2025-04-05 21:22:34,416 -    C:\Users\HP\Downloads\CounterpartSearch\attached_assets\CP
2025-04-05 21:22:34,417 - 
2. Place SUB51 CP images in the CP_SUB51 folder:
2025-04-05 21:22:34,417 -    C:\Users\HP\Downloads\CounterpartSearch\attached_assets\CP_SUB51
2025-04-05 21:22:34,417 - 
3. Image files should have .jpg, .jpeg, or .png extensions
2025-04-05 21:22:34,417 - 
4. Run this script again after adding the images
2025-04-05 21:22:34,418 - 
Note: A log file 'image_copy.log' has been created with these instructions
